[2017-09-17 19:01:28,54] [info] Running with database db.url = jdbc:mysql://localhost:2801/cromwell_db?useSSL=false&rewriteBatchedStatements=true
[2017-09-17 19:01:34,19] [info] Running with database db.url = jdbc:mysql://localhost:2801/cromwell_db?useSSL=false&rewriteBatchedStatements=true
[2017-09-17 19:01:34,74] [info] Slf4jLogger started
[2017-09-17 19:01:34,99] [info] Metadata summary refreshing every 2 seconds.
[2017-09-17 19:01:35,01] [info] WriteMetadataActor configured to write to the database with batch size 200 and flush rate 5 seconds.
[2017-09-17 19:01:35,05] [info] CallCacheWriteActor configured to write to the database with batch size 100 and flush rate 3 seconds.
[2017-09-17 19:01:36,51] [info] SingleWorkflowRunnerActor: Submitting workflow
[2017-09-17 19:01:36,55] [info] Workflow 6f42aad5-5d9d-4673-a333-7837ae9e42ce submitted.
[2017-09-17 19:01:36,55] [info] SingleWorkflowRunnerActor: Workflow submitted [38;5;2m6f42aad5-5d9d-4673-a333-7837ae9e42ce[0m
[2017-09-17 19:01:36,55] [info] 1 new workflows fetched
[2017-09-17 19:01:36,56] [info] WorkflowManagerActor Starting workflow [38;5;2m6f42aad5-5d9d-4673-a333-7837ae9e42ce[0m
[2017-09-17 19:01:36,56] [info] WorkflowManagerActor Successfully started WorkflowActor-6f42aad5-5d9d-4673-a333-7837ae9e42ce
[2017-09-17 19:01:36,56] [info] Retrieved 1 workflows from the WorkflowStoreActor
[2017-09-17 19:01:37,69] [info] MaterializeWorkflowDescriptorActor [[38;5;2m6f42aad5[0m]: Call-to-Backend assignments: PairedEndSingleSampleWorkflow.MarkDuplicates -> SGE, PairedEndSingleSampleWorkflow.CollectQualityYieldMetrics -> SGE, PairedEndSingleSampleWorkflow.ValidateAggregatedSamFile -> SGE, PairedEndSingleSampleWorkflow.GatherBqsrReports -> SGE, PairedEndSingleSampleWorkflow.CollectReadgroupBamQualityMetrics -> SGE, PairedEndSingleSampleWorkflow.CollectAggregationMetrics -> SGE, PairedEndSingleSampleWorkflow.CollectRawWgsMetrics -> SGE, PairedEndSingleSampleWorkflow.CalculateReadGroupChecksum -> SGE, PairedEndSingleSampleWorkflow.MergeBamAlignment -> SGE, PairedEndSingleSampleWorkflow.CollectUnsortedReadgroupBamQualityMetrics -> SGE, PairedEndSingleSampleWorkflow.CrossCheckFingerprints -> SGE, PairedEndSingleSampleWorkflow.ValidateReadGroupSamFile -> SGE, PairedEndSingleSampleWorkflow.CramToBam -> SGE, PairedEndSingleSampleWorkflow.ValidateBamFromCram -> SGE, PairedEndSingleSampleWorkflow.GatherBamFiles -> SGE, PairedEndSingleSampleWorkflow.ValidateGVCF -> SGE, PairedEndSingleSampleWorkflow.CheckFinalVcfExtension -> SGE, PairedEndSingleSampleWorkflow.CheckContamination -> SGE, PairedEndSingleSampleWorkflow.SortAndFixSampleBam -> SGE, PairedEndSingleSampleWorkflow.HaplotypeCaller -> SGE, PairedEndSingleSampleWorkflow.CollectGvcfCallingMetrics -> SGE, PairedEndSingleSampleWorkflow.CreateSequenceGroupingTSV -> SGE, PairedEndSingleSampleWorkflow.CollectWgsMetrics -> SGE, PairedEndSingleSampleWorkflow.ConvertToCram -> SGE, PairedEndSingleSampleWorkflow.SortAndFixReadGroupBam -> SGE, PairedEndSingleSampleWorkflow.SamToFastqAndBwaMem -> SGE, PairedEndSingleSampleWorkflow.ApplyBQSR -> SGE, PairedEndSingleSampleWorkflow.MergeVCFs -> SGE, PairedEndSingleSampleWorkflow.GetBwaVersion -> SGE, PairedEndSingleSampleWorkflow.CheckFingerprint -> SGE, PairedEndSingleSampleWorkflow.BaseRecalibrator -> SGE
[2017-09-17 19:01:40,06] [info] WorkflowExecutionActor-6f42aad5-5d9d-4673-a333-7837ae9e42ce [[38;5;2m6f42aad5[0m]: Starting calls: PairedEndSingleSampleWorkflow.CheckFinalVcfExtension:NA:1, PairedEndSingleSampleWorkflow.CreateSequenceGroupingTSV:NA:1, PairedEndSingleSampleWorkflow.GetBwaVersion:NA:1
[2017-09-17 19:01:42,66] [info] WorkflowExecutionActor-6f42aad5-5d9d-4673-a333-7837ae9e42ce [[38;5;2m6f42aad5[0m]: Starting calls: PairedEndSingleSampleWorkflow.CollectQualityYieldMetrics:0:1, PairedEndSingleSampleWorkflow.CollectQualityYieldMetrics:1:1, PairedEndSingleSampleWorkflow.SamToFastqAndBwaMem:0:1, PairedEndSingleSampleWorkflow.SamToFastqAndBwaMem:1:1
[2017-09-17 19:02:03,71] [info] DispatchedConfigAsyncJobExecutionActor [[38;5;2m6f42aad5[0mPairedEndSingleSampleWorkflow.SamToFastqAndBwaMem:1:1]: [38;5;5mset -o pipefail
set -e
# set the bash variable needed for the command-line
bash_ref_fasta=/home/projects/dp_00005/data/cromwell_test/wdl/scripts/CBS_pipelines_realdata/cromwell-executions/PairedEndSingleSampleWorkflow/6f42aad5-5d9d-4673-a333-7837ae9e42ce/call-SamToFastqAndBwaMem/shard-1/inputs/home/projects/dp_00005/data/cromwell_test/genomics-public-data/resources/broad/hg38/v0/Homo_sapiens_assembly38.fasta
# if ref_alt has data in it, we proceed
if [ -s /home/projects/dp_00005/data/cromwell_test/wdl/scripts/CBS_pipelines_realdata/cromwell-executions/PairedEndSingleSampleWorkflow/6f42aad5-5d9d-4673-a333-7837ae9e42ce/call-SamToFastqAndBwaMem/shard-1/inputs/home/projects/dp_00005/data/cromwell_test/genomics-public-data/resources/broad/hg38/v0/Homo_sapiens_assembly38.fasta.64.alt ]; then
  java -Xmx3000m \
    -jar /home/projects/dp_00005/data/cromwell_test/wdl/scripts/CBS_pipelines_realdata/cromwell-executions/PairedEndSingleSampleWorkflow/6f42aad5-5d9d-4673-a333-7837ae9e42ce/call-SamToFastqAndBwaMem/shard-1/inputs/home/projects/dp_00005/apps/src/picard/build/libs/picard-2.11.0-2-g2206c08-SNAPSHOT-all.jar \
    SamToFastq \
    INPUT=/home/projects/dp_00005/data/cromwell_test/wdl/scripts/CBS_pipelines_realdata/cromwell-executions/PairedEndSingleSampleWorkflow/6f42aad5-5d9d-4673-a333-7837ae9e42ce/call-SamToFastqAndBwaMem/shard-1/inputs/home/projects/dp_00005/data/cromwell_test/genomics-public-data/test-data/dna/wgs/hiseq2500/NA12878/NA12878.full.2.unaligned.bam \
    FASTQ=/dev/stdout \
    INTERLEAVE=true \
    NON_PF=true | \
  /services/tools/bwa/0.7.15/bwa mem -K 100000000 -p -v 3 -t 28 -Y $bash_ref_fasta /dev/stdin -  2> >(tee NA12878.full.2.unaligned.unmerged.bwa.stderr.log >&2) | \
  /home/projects/dp_00005/data/cromwell_test/wdl/scripts/CBS_pipelines_realdata/cromwell-executions/PairedEndSingleSampleWorkflow/6f42aad5-5d9d-4673-a333-7837ae9e42ce/call-SamToFastqAndBwaMem/shard-1/inputs/home/projects/dp_00005/apps/src/samtools-1.3.1/samtools view -1 - > NA12878.full.2.unaligned.unmerged.bam
  grep -m1 "read .* ALT contigs" NA12878.full.2.unaligned.unmerged.bwa.stderr.log | \
  grep -v "read 0 ALT contigs"
# else ref_alt is empty or could not be found, so we bail out
else
  exit 1;
fi[0m
[2017-09-17 19:02:03,74] [info] DispatchedConfigAsyncJobExecutionActor [[38;5;2m6f42aad5[0mPairedEndSingleSampleWorkflow.SamToFastqAndBwaMem:1:1]: executing: qsub \
-V \
-N cromwell_6f42aad5_SamToFastqAndBwaMem \
-d /home/projects/dp_00005/data/cromwell_test/wdl/scripts/CBS_pipelines_realdata/cromwell-executions/PairedEndSingleSampleWorkflow/6f42aad5-5d9d-4673-a333-7837ae9e42ce/call-SamToFastqAndBwaMem/shard-1 \
-o /home/projects/dp_00005/data/cromwell_test/wdl/scripts/CBS_pipelines_realdata/cromwell-executions/PairedEndSingleSampleWorkflow/6f42aad5-5d9d-4673-a333-7837ae9e42ce/call-SamToFastqAndBwaMem/shard-1/execution/stdout \
-e /home/projects/dp_00005/data/cromwell_test/wdl/scripts/CBS_pipelines_realdata/cromwell-executions/PairedEndSingleSampleWorkflow/6f42aad5-5d9d-4673-a333-7837ae9e42ce/call-SamToFastqAndBwaMem/shard-1/execution/stderr \
-W group_list=dp_00005 -A dp_00005 -l nodes=1:ppn=28,walltime=100:00:00 \
/home/projects/dp_00005/data/cromwell_test/wdl/scripts/CBS_pipelines_realdata/cromwell-executions/PairedEndSingleSampleWorkflow/6f42aad5-5d9d-4673-a333-7837ae9e42ce/call-SamToFastqAndBwaMem/shard-1/execution/script
[2017-09-17 19:02:05,02] [info] DispatchedConfigAsyncJobExecutionActor [[38;5;2m6f42aad5[0mPairedEndSingleSampleWorkflow.SamToFastqAndBwaMem:1:1]: job id: 18368363.risoe-r04-sn064.cm.cluster
[2017-09-17 19:02:05,03] [info] DispatchedConfigAsyncJobExecutionActor [[38;5;2m6f42aad5[0mPairedEndSingleSampleWorkflow.SamToFastqAndBwaMem:1:1]: Status change from - to WaitingForReturnCodeFile
[2017-09-17 19:02:08,84] [info] DispatchedConfigAsyncJobExecutionActor [[38;5;2m6f42aad5[0mPairedEndSingleSampleWorkflow.SamToFastqAndBwaMem:0:1]: [38;5;5mset -o pipefail
set -e
# set the bash variable needed for the command-line
bash_ref_fasta=/home/projects/dp_00005/data/cromwell_test/wdl/scripts/CBS_pipelines_realdata/cromwell-executions/PairedEndSingleSampleWorkflow/6f42aad5-5d9d-4673-a333-7837ae9e42ce/call-SamToFastqAndBwaMem/shard-0/inputs/home/projects/dp_00005/data/cromwell_test/genomics-public-data/resources/broad/hg38/v0/Homo_sapiens_assembly38.fasta
# if ref_alt has data in it, we proceed
if [ -s /home/projects/dp_00005/data/cromwell_test/wdl/scripts/CBS_pipelines_realdata/cromwell-executions/PairedEndSingleSampleWorkflow/6f42aad5-5d9d-4673-a333-7837ae9e42ce/call-SamToFastqAndBwaMem/shard-0/inputs/home/projects/dp_00005/data/cromwell_test/genomics-public-data/resources/broad/hg38/v0/Homo_sapiens_assembly38.fasta.64.alt ]; then
  java -Xmx3000m \
    -jar /home/projects/dp_00005/data/cromwell_test/wdl/scripts/CBS_pipelines_realdata/cromwell-executions/PairedEndSingleSampleWorkflow/6f42aad5-5d9d-4673-a333-7837ae9e42ce/call-SamToFastqAndBwaMem/shard-0/inputs/home/projects/dp_00005/apps/src/picard/build/libs/picard-2.11.0-2-g2206c08-SNAPSHOT-all.jar \
    SamToFastq \
    INPUT=/home/projects/dp_00005/data/cromwell_test/wdl/scripts/CBS_pipelines_realdata/cromwell-executions/PairedEndSingleSampleWorkflow/6f42aad5-5d9d-4673-a333-7837ae9e42ce/call-SamToFastqAndBwaMem/shard-0/inputs/home/projects/dp_00005/data/cromwell_test/genomics-public-data/test-data/dna/wgs/hiseq2500/NA12878/NA12878.full.1.unaligned.bam \
    FASTQ=/dev/stdout \
    INTERLEAVE=true \
    NON_PF=true | \
  /services/tools/bwa/0.7.15/bwa mem -K 100000000 -p -v 3 -t 28 -Y $bash_ref_fasta /dev/stdin -  2> >(tee NA12878.full.1.unaligned.unmerged.bwa.stderr.log >&2) | \
  /home/projects/dp_00005/data/cromwell_test/wdl/scripts/CBS_pipelines_realdata/cromwell-executions/PairedEndSingleSampleWorkflow/6f42aad5-5d9d-4673-a333-7837ae9e42ce/call-SamToFastqAndBwaMem/shard-0/inputs/home/projects/dp_00005/apps/src/samtools-1.3.1/samtools view -1 - > NA12878.full.1.unaligned.unmerged.bam
  grep -m1 "read .* ALT contigs" NA12878.full.1.unaligned.unmerged.bwa.stderr.log | \
  grep -v "read 0 ALT contigs"
# else ref_alt is empty or could not be found, so we bail out
else
  exit 1;
fi[0m
[2017-09-17 19:02:08,86] [info] DispatchedConfigAsyncJobExecutionActor [[38;5;2m6f42aad5[0mPairedEndSingleSampleWorkflow.SamToFastqAndBwaMem:0:1]: executing: qsub \
-V \
-N cromwell_6f42aad5_SamToFastqAndBwaMem \
-d /home/projects/dp_00005/data/cromwell_test/wdl/scripts/CBS_pipelines_realdata/cromwell-executions/PairedEndSingleSampleWorkflow/6f42aad5-5d9d-4673-a333-7837ae9e42ce/call-SamToFastqAndBwaMem/shard-0 \
-o /home/projects/dp_00005/data/cromwell_test/wdl/scripts/CBS_pipelines_realdata/cromwell-executions/PairedEndSingleSampleWorkflow/6f42aad5-5d9d-4673-a333-7837ae9e42ce/call-SamToFastqAndBwaMem/shard-0/execution/stdout \
-e /home/projects/dp_00005/data/cromwell_test/wdl/scripts/CBS_pipelines_realdata/cromwell-executions/PairedEndSingleSampleWorkflow/6f42aad5-5d9d-4673-a333-7837ae9e42ce/call-SamToFastqAndBwaMem/shard-0/execution/stderr \
-W group_list=dp_00005 -A dp_00005 -l nodes=1:ppn=28,walltime=100:00:00 \
/home/projects/dp_00005/data/cromwell_test/wdl/scripts/CBS_pipelines_realdata/cromwell-executions/PairedEndSingleSampleWorkflow/6f42aad5-5d9d-4673-a333-7837ae9e42ce/call-SamToFastqAndBwaMem/shard-0/execution/script
[2017-09-17 19:02:09,99] [info] DispatchedConfigAsyncJobExecutionActor [[38;5;2m6f42aad5[0mPairedEndSingleSampleWorkflow.SamToFastqAndBwaMem:0:1]: job id: 18368364.risoe-r04-sn064.cm.cluster
[2017-09-17 19:02:10,00] [info] DispatchedConfigAsyncJobExecutionActor [[38;5;2m6f42aad5[0mPairedEndSingleSampleWorkflow.SamToFastqAndBwaMem:0:1]: Status change from - to WaitingForReturnCodeFile
[2017-09-17 19:04:59,57] [info] WorkflowExecutionActor-6f42aad5-5d9d-4673-a333-7837ae9e42ce [[38;5;2m6f42aad5[0m]: Starting calls: Collector-CollectQualityYieldMetrics
[2017-09-17 22:03:50,73] [info] DispatchedConfigAsyncJobExecutionActor [[38;5;2m6f42aad5[0mPairedEndSingleSampleWorkflow.SamToFastqAndBwaMem:0:1]: Status change from WaitingForReturnCodeFile to Done
[2017-09-17 22:03:53,92] [info] WorkflowExecutionActor-6f42aad5-5d9d-4673-a333-7837ae9e42ce [[38;5;2m6f42aad5[0m]: Starting calls: PairedEndSingleSampleWorkflow.MergeBamAlignment:0:1
[2017-09-17 22:04:16,80] [info] DispatchedConfigAsyncJobExecutionActor [[38;5;2m6f42aad5[0mPairedEndSingleSampleWorkflow.MergeBamAlignment:0:1]: [38;5;5m# set the bash variable needed for the command-line
bash_ref_fasta=/home/projects/dp_00005/data/cromwell_test/wdl/scripts/CBS_pipelines_realdata/cromwell-executions/PairedEndSingleSampleWorkflow/6f42aad5-5d9d-4673-a333-7837ae9e42ce/call-MergeBamAlignment/shard-0/inputs/home/projects/dp_00005/data/cromwell_test/genomics-public-data/resources/broad/hg38/v0/Homo_sapiens_assembly38.fasta
java -Xmx2500m \
  -jar /home/projects/dp_00005/data/cromwell_test/wdl/scripts/CBS_pipelines_realdata/cromwell-executions/PairedEndSingleSampleWorkflow/6f42aad5-5d9d-4673-a333-7837ae9e42ce/call-MergeBamAlignment/shard-0/inputs/home/projects/dp_00005/apps/src/picard/build/libs/picard-2.11.0-2-g2206c08-SNAPSHOT-all.jar \
  MergeBamAlignment \
  VALIDATION_STRINGENCY=SILENT \
  EXPECTED_ORIENTATIONS=FR \
  ATTRIBUTES_TO_RETAIN=X0 \
  ALIGNED_BAM=/home/projects/dp_00005/data/cromwell_test/wdl/scripts/CBS_pipelines_realdata/cromwell-executions/PairedEndSingleSampleWorkflow/6f42aad5-5d9d-4673-a333-7837ae9e42ce/call-MergeBamAlignment/shard-0/inputs/home/projects/dp_00005/data/cromwell_test/wdl/scripts/CBS_pipelines_realdata/cromwell-executions/PairedEndSingleSampleWorkflow/6f42aad5-5d9d-4673-a333-7837ae9e42ce/call-SamToFastqAndBwaMem/shard-0/execution/NA12878.full.1.unaligned.unmerged.bam \
  UNMAPPED_BAM=/home/projects/dp_00005/data/cromwell_test/wdl/scripts/CBS_pipelines_realdata/cromwell-executions/PairedEndSingleSampleWorkflow/6f42aad5-5d9d-4673-a333-7837ae9e42ce/call-MergeBamAlignment/shard-0/inputs/home/projects/dp_00005/data/cromwell_test/genomics-public-data/test-data/dna/wgs/hiseq2500/NA12878/NA12878.full.1.unaligned.bam \
  OUTPUT=NA12878.full.1.unaligned.aligned.unsorted.bam \
  REFERENCE_SEQUENCE=/home/projects/dp_00005/data/cromwell_test/wdl/scripts/CBS_pipelines_realdata/cromwell-executions/PairedEndSingleSampleWorkflow/6f42aad5-5d9d-4673-a333-7837ae9e42ce/call-MergeBamAlignment/shard-0/inputs/home/projects/dp_00005/data/cromwell_test/genomics-public-data/resources/broad/hg38/v0/Homo_sapiens_assembly38.fasta \
  PAIRED_RUN=true \
  SORT_ORDER="unsorted" \
  IS_BISULFITE_SEQUENCE=false \
  ALIGNED_READS_ONLY=false \
  CLIP_ADAPTERS=false \
  MAX_RECORDS_IN_RAM=2000000 \
  ADD_MATE_CIGAR=true \
  MAX_INSERTIONS_OR_DELETIONS=-1 \
  PRIMARY_ALIGNMENT_STRATEGY=MostDistant \
  PROGRAM_RECORD_ID="bwamem" \
  PROGRAM_GROUP_VERSION="0.7.15-r1140" \
  PROGRAM_GROUP_COMMAND_LINE="/services/tools/bwa/0.7.15/bwa mem -K 100000000 -p -v 3 -t 28 -Y $bash_ref_fasta" \
  PROGRAM_GROUP_NAME="bwamem" \
  UNMAPPED_READ_STRATEGY=COPY_TO_TAG \
  ALIGNER_PROPER_PAIR_FLAGS=true \
  UNMAP_CONTAMINANT_READS=true[0m
[2017-09-17 22:04:16,82] [info] DispatchedConfigAsyncJobExecutionActor [[38;5;2m6f42aad5[0mPairedEndSingleSampleWorkflow.MergeBamAlignment:0:1]: executing: qsub \
-V \
-N cromwell_6f42aad5_MergeBamAlignment \
-d /home/projects/dp_00005/data/cromwell_test/wdl/scripts/CBS_pipelines_realdata/cromwell-executions/PairedEndSingleSampleWorkflow/6f42aad5-5d9d-4673-a333-7837ae9e42ce/call-MergeBamAlignment/shard-0 \
-o /home/projects/dp_00005/data/cromwell_test/wdl/scripts/CBS_pipelines_realdata/cromwell-executions/PairedEndSingleSampleWorkflow/6f42aad5-5d9d-4673-a333-7837ae9e42ce/call-MergeBamAlignment/shard-0/execution/stdout \
-e /home/projects/dp_00005/data/cromwell_test/wdl/scripts/CBS_pipelines_realdata/cromwell-executions/PairedEndSingleSampleWorkflow/6f42aad5-5d9d-4673-a333-7837ae9e42ce/call-MergeBamAlignment/shard-0/execution/stderr \
-W group_list=dp_00005 -A dp_00005 -l nodes=1:ppn=1,walltime=100:00:00 \
/home/projects/dp_00005/data/cromwell_test/wdl/scripts/CBS_pipelines_realdata/cromwell-executions/PairedEndSingleSampleWorkflow/6f42aad5-5d9d-4673-a333-7837ae9e42ce/call-MergeBamAlignment/shard-0/execution/script
[2017-09-17 22:04:18,09] [info] DispatchedConfigAsyncJobExecutionActor [[38;5;2m6f42aad5[0mPairedEndSingleSampleWorkflow.MergeBamAlignment:0:1]: job id: 18368472.risoe-r04-sn064.cm.cluster
[2017-09-17 22:04:18,09] [info] DispatchedConfigAsyncJobExecutionActor [[38;5;2m6f42aad5[0mPairedEndSingleSampleWorkflow.MergeBamAlignment:0:1]: Status change from - to WaitingForReturnCodeFile
[2017-09-17 22:16:32,91] [info] DispatchedConfigAsyncJobExecutionActor [[38;5;2m6f42aad5[0mPairedEndSingleSampleWorkflow.SamToFastqAndBwaMem:1:1]: Status change from WaitingForReturnCodeFile to Done
[2017-09-17 22:16:35,86] [info] WorkflowExecutionActor-6f42aad5-5d9d-4673-a333-7837ae9e42ce [[38;5;2m6f42aad5[0m]: Starting calls: PairedEndSingleSampleWorkflow.MergeBamAlignment:1:1, Collector-SamToFastqAndBwaMem
[2017-09-17 22:16:36,87] [info] DispatchedConfigAsyncJobExecutionActor [[38;5;2m6f42aad5[0mPairedEndSingleSampleWorkflow.MergeBamAlignment:1:1]: [38;5;5m# set the bash variable needed for the command-line
bash_ref_fasta=/home/projects/dp_00005/data/cromwell_test/wdl/scripts/CBS_pipelines_realdata/cromwell-executions/PairedEndSingleSampleWorkflow/6f42aad5-5d9d-4673-a333-7837ae9e42ce/call-MergeBamAlignment/shard-1/inputs/home/projects/dp_00005/data/cromwell_test/genomics-public-data/resources/broad/hg38/v0/Homo_sapiens_assembly38.fasta
java -Xmx2500m \
  -jar /home/projects/dp_00005/data/cromwell_test/wdl/scripts/CBS_pipelines_realdata/cromwell-executions/PairedEndSingleSampleWorkflow/6f42aad5-5d9d-4673-a333-7837ae9e42ce/call-MergeBamAlignment/shard-1/inputs/home/projects/dp_00005/apps/src/picard/build/libs/picard-2.11.0-2-g2206c08-SNAPSHOT-all.jar \
  MergeBamAlignment \
  VALIDATION_STRINGENCY=SILENT \
  EXPECTED_ORIENTATIONS=FR \
  ATTRIBUTES_TO_RETAIN=X0 \
  ALIGNED_BAM=/home/projects/dp_00005/data/cromwell_test/wdl/scripts/CBS_pipelines_realdata/cromwell-executions/PairedEndSingleSampleWorkflow/6f42aad5-5d9d-4673-a333-7837ae9e42ce/call-MergeBamAlignment/shard-1/inputs/home/projects/dp_00005/data/cromwell_test/wdl/scripts/CBS_pipelines_realdata/cromwell-executions/PairedEndSingleSampleWorkflow/6f42aad5-5d9d-4673-a333-7837ae9e42ce/call-SamToFastqAndBwaMem/shard-1/execution/NA12878.full.2.unaligned.unmerged.bam \
  UNMAPPED_BAM=/home/projects/dp_00005/data/cromwell_test/wdl/scripts/CBS_pipelines_realdata/cromwell-executions/PairedEndSingleSampleWorkflow/6f42aad5-5d9d-4673-a333-7837ae9e42ce/call-MergeBamAlignment/shard-1/inputs/home/projects/dp_00005/data/cromwell_test/genomics-public-data/test-data/dna/wgs/hiseq2500/NA12878/NA12878.full.2.unaligned.bam \
  OUTPUT=NA12878.full.2.unaligned.aligned.unsorted.bam \
  REFERENCE_SEQUENCE=/home/projects/dp_00005/data/cromwell_test/wdl/scripts/CBS_pipelines_realdata/cromwell-executions/PairedEndSingleSampleWorkflow/6f42aad5-5d9d-4673-a333-7837ae9e42ce/call-MergeBamAlignment/shard-1/inputs/home/projects/dp_00005/data/cromwell_test/genomics-public-data/resources/broad/hg38/v0/Homo_sapiens_assembly38.fasta \
  PAIRED_RUN=true \
  SORT_ORDER="unsorted" \
  IS_BISULFITE_SEQUENCE=false \
  ALIGNED_READS_ONLY=false \
  CLIP_ADAPTERS=false \
  MAX_RECORDS_IN_RAM=2000000 \
  ADD_MATE_CIGAR=true \
  MAX_INSERTIONS_OR_DELETIONS=-1 \
  PRIMARY_ALIGNMENT_STRATEGY=MostDistant \
  PROGRAM_RECORD_ID="bwamem" \
  PROGRAM_GROUP_VERSION="0.7.15-r1140" \
  PROGRAM_GROUP_COMMAND_LINE="/services/tools/bwa/0.7.15/bwa mem -K 100000000 -p -v 3 -t 28 -Y $bash_ref_fasta" \
  PROGRAM_GROUP_NAME="bwamem" \
  UNMAPPED_READ_STRATEGY=COPY_TO_TAG \
  ALIGNER_PROPER_PAIR_FLAGS=true \
  UNMAP_CONTAMINANT_READS=true[0m
[2017-09-17 22:16:36,88] [info] DispatchedConfigAsyncJobExecutionActor [[38;5;2m6f42aad5[0mPairedEndSingleSampleWorkflow.MergeBamAlignment:1:1]: executing: qsub \
-V \
-N cromwell_6f42aad5_MergeBamAlignment \
-d /home/projects/dp_00005/data/cromwell_test/wdl/scripts/CBS_pipelines_realdata/cromwell-executions/PairedEndSingleSampleWorkflow/6f42aad5-5d9d-4673-a333-7837ae9e42ce/call-MergeBamAlignment/shard-1 \
-o /home/projects/dp_00005/data/cromwell_test/wdl/scripts/CBS_pipelines_realdata/cromwell-executions/PairedEndSingleSampleWorkflow/6f42aad5-5d9d-4673-a333-7837ae9e42ce/call-MergeBamAlignment/shard-1/execution/stdout \
-e /home/projects/dp_00005/data/cromwell_test/wdl/scripts/CBS_pipelines_realdata/cromwell-executions/PairedEndSingleSampleWorkflow/6f42aad5-5d9d-4673-a333-7837ae9e42ce/call-MergeBamAlignment/shard-1/execution/stderr \
-W group_list=dp_00005 -A dp_00005 -l nodes=1:ppn=1,walltime=100:00:00 \
/home/projects/dp_00005/data/cromwell_test/wdl/scripts/CBS_pipelines_realdata/cromwell-executions/PairedEndSingleSampleWorkflow/6f42aad5-5d9d-4673-a333-7837ae9e42ce/call-MergeBamAlignment/shard-1/execution/script
[2017-09-17 22:16:38,04] [info] DispatchedConfigAsyncJobExecutionActor [[38;5;2m6f42aad5[0mPairedEndSingleSampleWorkflow.MergeBamAlignment:1:1]: job id: 18368476.risoe-r04-sn064.cm.cluster
[2017-09-17 22:16:38,04] [info] DispatchedConfigAsyncJobExecutionActor [[38;5;2m6f42aad5[0mPairedEndSingleSampleWorkflow.MergeBamAlignment:1:1]: Status change from - to WaitingForReturnCodeFile
[2017-09-18 00:43:17,37] [info] DispatchedConfigAsyncJobExecutionActor [[38;5;2m6f42aad5[0mPairedEndSingleSampleWorkflow.MergeBamAlignment:0:1]: Status change from WaitingForReturnCodeFile to Done
[2017-09-18 00:43:20,49] [info] WorkflowExecutionActor-6f42aad5-5d9d-4673-a333-7837ae9e42ce [[38;5;2m6f42aad5[0m]: Starting calls: PairedEndSingleSampleWorkflow.CollectUnsortedReadgroupBamQualityMetrics:0:1, PairedEndSingleSampleWorkflow.SortAndFixReadGroupBam:0:1
[2017-09-18 00:46:56,56] [info] DispatchedConfigAsyncJobExecutionActor [[38;5;2m6f42aad5[0mPairedEndSingleSampleWorkflow.CollectUnsortedReadgroupBamQualityMetrics:0:1]: [38;5;5mjava -Xmx5000m \
  -jar /home/projects/dp_00005/data/cromwell_test/wdl/scripts/CBS_pipelines_realdata/cromwell-executions/PairedEndSingleSampleWorkflow/6f42aad5-5d9d-4673-a333-7837ae9e42ce/call-CollectUnsortedReadgroupBamQualityMetrics/shard-0/inputs/home/projects/dp_00005/apps/src/picard/build/libs/picard-2.11.0-2-g2206c08-SNAPSHOT-all.jar \
  CollectMultipleMetrics \
  INPUT=/home/projects/dp_00005/data/cromwell_test/wdl/scripts/CBS_pipelines_realdata/cromwell-executions/PairedEndSingleSampleWorkflow/6f42aad5-5d9d-4673-a333-7837ae9e42ce/call-CollectUnsortedReadgroupBamQualityMetrics/shard-0/inputs/home/projects/dp_00005/data/cromwell_test/wdl/scripts/CBS_pipelines_realdata/cromwell-executions/PairedEndSingleSampleWorkflow/6f42aad5-5d9d-4673-a333-7837ae9e42ce/call-MergeBamAlignment/shard-0/execution/NA12878.full.1.unaligned.aligned.unsorted.bam \
  OUTPUT=NA12878.full.1.unaligned.readgroup \
  ASSUME_SORTED=true \
  PROGRAM="null" \
  PROGRAM="CollectBaseDistributionByCycle" \
  PROGRAM="CollectInsertSizeMetrics" \
  PROGRAM="MeanQualityByCycle" \
  PROGRAM="QualityScoreDistribution" \
  METRIC_ACCUMULATION_LEVEL="null" \
  METRIC_ACCUMULATION_LEVEL="ALL_READS"
touch NA12878.full.1.unaligned.readgroup.insert_size_metrics
touch NA12878.full.1.unaligned.readgroup.insert_size_histogram.pdf[0m
[2017-09-18 00:46:56,57] [info] DispatchedConfigAsyncJobExecutionActor [[38;5;2m6f42aad5[0mPairedEndSingleSampleWorkflow.CollectUnsortedReadgroupBamQualityMetrics:0:1]: executing: qsub \
-V \
-N cromwell_6f42aad5_CollectUnsortedReadgroupBamQualityMetrics \
-d /home/projects/dp_00005/data/cromwell_test/wdl/scripts/CBS_pipelines_realdata/cromwell-executions/PairedEndSingleSampleWorkflow/6f42aad5-5d9d-4673-a333-7837ae9e42ce/call-CollectUnsortedReadgroupBamQualityMetrics/shard-0 \
-o /home/projects/dp_00005/data/cromwell_test/wdl/scripts/CBS_pipelines_realdata/cromwell-executions/PairedEndSingleSampleWorkflow/6f42aad5-5d9d-4673-a333-7837ae9e42ce/call-CollectUnsortedReadgroupBamQualityMetrics/shard-0/execution/stdout \
-e /home/projects/dp_00005/data/cromwell_test/wdl/scripts/CBS_pipelines_realdata/cromwell-executions/PairedEndSingleSampleWorkflow/6f42aad5-5d9d-4673-a333-7837ae9e42ce/call-CollectUnsortedReadgroupBamQualityMetrics/shard-0/execution/stderr \
-W group_list=dp_00005 -A dp_00005 -l nodes=1:ppn=1,walltime=100:00:00 \
/home/projects/dp_00005/data/cromwell_test/wdl/scripts/CBS_pipelines_realdata/cromwell-executions/PairedEndSingleSampleWorkflow/6f42aad5-5d9d-4673-a333-7837ae9e42ce/call-CollectUnsortedReadgroupBamQualityMetrics/shard-0/execution/script
[2017-09-18 00:46:59,33] [info] DispatchedConfigAsyncJobExecutionActor [[38;5;2m6f42aad5[0mPairedEndSingleSampleWorkflow.CollectUnsortedReadgroupBamQualityMetrics:0:1]: job id: 18368485.risoe-r04-sn064.cm.cluster
[2017-09-18 00:46:59,34] [info] DispatchedConfigAsyncJobExecutionActor [[38;5;2m6f42aad5[0mPairedEndSingleSampleWorkflow.CollectUnsortedReadgroupBamQualityMetrics:0:1]: Status change from - to WaitingForReturnCodeFile
[2017-09-18 00:47:11,42] [info] DispatchedConfigAsyncJobExecutionActor [[38;5;2m6f42aad5[0mPairedEndSingleSampleWorkflow.SortAndFixReadGroupBam:0:1]: [38;5;5mset -o pipefail
java -Xmx4000m \
  -jar /home/projects/dp_00005/data/cromwell_test/wdl/scripts/CBS_pipelines_realdata/cromwell-executions/PairedEndSingleSampleWorkflow/6f42aad5-5d9d-4673-a333-7837ae9e42ce/call-SortAndFixReadGroupBam/shard-0/inputs/home/projects/dp_00005/apps/src/picard/build/libs/picard-2.11.0-2-g2206c08-SNAPSHOT-all.jar \
  SortSam \
  INPUT=/home/projects/dp_00005/data/cromwell_test/wdl/scripts/CBS_pipelines_realdata/cromwell-executions/PairedEndSingleSampleWorkflow/6f42aad5-5d9d-4673-a333-7837ae9e42ce/call-SortAndFixReadGroupBam/shard-0/inputs/home/projects/dp_00005/data/cromwell_test/wdl/scripts/CBS_pipelines_realdata/cromwell-executions/PairedEndSingleSampleWorkflow/6f42aad5-5d9d-4673-a333-7837ae9e42ce/call-MergeBamAlignment/shard-0/execution/NA12878.full.1.unaligned.aligned.unsorted.bam \
  OUTPUT=/dev/stdout \
  SORT_ORDER="coordinate" \
  CREATE_INDEX=false \
  CREATE_MD5_FILE=false | \
java -Xmx500m \
  -jar /home/projects/dp_00005/data/cromwell_test/wdl/scripts/CBS_pipelines_realdata/cromwell-executions/PairedEndSingleSampleWorkflow/6f42aad5-5d9d-4673-a333-7837ae9e42ce/call-SortAndFixReadGroupBam/shard-0/inputs/home/projects/dp_00005/apps/src/picard/build/libs/picard-2.11.0-2-g2206c08-SNAPSHOT-all.jar \
  SetNmAndUqTags \
  INPUT=/dev/stdin \
  OUTPUT=NA12878.full.1.unaligned.sorted.bam \
  CREATE_INDEX=true \
  CREATE_MD5_FILE=true \
  REFERENCE_SEQUENCE=/home/projects/dp_00005/data/cromwell_test/wdl/scripts/CBS_pipelines_realdata/cromwell-executions/PairedEndSingleSampleWorkflow/6f42aad5-5d9d-4673-a333-7837ae9e42ce/call-SortAndFixReadGroupBam/shard-0/inputs/home/projects/dp_00005/data/cromwell_test/genomics-public-data/resources/broad/hg38/v0/Homo_sapiens_assembly38.fasta[0m
[2017-09-18 00:47:11,43] [info] DispatchedConfigAsyncJobExecutionActor [[38;5;2m6f42aad5[0mPairedEndSingleSampleWorkflow.SortAndFixReadGroupBam:0:1]: executing: qsub \
-V \
-N cromwell_6f42aad5_SortAndFixReadGroupBam \
-d /home/projects/dp_00005/data/cromwell_test/wdl/scripts/CBS_pipelines_realdata/cromwell-executions/PairedEndSingleSampleWorkflow/6f42aad5-5d9d-4673-a333-7837ae9e42ce/call-SortAndFixReadGroupBam/shard-0 \
-o /home/projects/dp_00005/data/cromwell_test/wdl/scripts/CBS_pipelines_realdata/cromwell-executions/PairedEndSingleSampleWorkflow/6f42aad5-5d9d-4673-a333-7837ae9e42ce/call-SortAndFixReadGroupBam/shard-0/execution/stdout \
-e /home/projects/dp_00005/data/cromwell_test/wdl/scripts/CBS_pipelines_realdata/cromwell-executions/PairedEndSingleSampleWorkflow/6f42aad5-5d9d-4673-a333-7837ae9e42ce/call-SortAndFixReadGroupBam/shard-0/execution/stderr \
-W group_list=dp_00005 -A dp_00005 -l nodes=1:ppn=1,walltime=100:00:00 \
/home/projects/dp_00005/data/cromwell_test/wdl/scripts/CBS_pipelines_realdata/cromwell-executions/PairedEndSingleSampleWorkflow/6f42aad5-5d9d-4673-a333-7837ae9e42ce/call-SortAndFixReadGroupBam/shard-0/execution/script
[2017-09-18 00:47:12,58] [info] DispatchedConfigAsyncJobExecutionActor [[38;5;2m6f42aad5[0mPairedEndSingleSampleWorkflow.SortAndFixReadGroupBam:0:1]: job id: 18368486.risoe-r04-sn064.cm.cluster
[2017-09-18 00:47:12,58] [info] DispatchedConfigAsyncJobExecutionActor [[38;5;2m6f42aad5[0mPairedEndSingleSampleWorkflow.SortAndFixReadGroupBam:0:1]: Status change from - to WaitingForReturnCodeFile
[2017-09-18 00:54:43,14] [info] DispatchedConfigAsyncJobExecutionActor [[38;5;2m6f42aad5[0mPairedEndSingleSampleWorkflow.MergeBamAlignment:1:1]: Status change from WaitingForReturnCodeFile to Done
[2017-09-18 00:54:44,11] [info] WorkflowExecutionActor-6f42aad5-5d9d-4673-a333-7837ae9e42ce [[38;5;2m6f42aad5[0m]: Starting calls: PairedEndSingleSampleWorkflow.CollectUnsortedReadgroupBamQualityMetrics:1:1, Collector-MergeBamAlignment, PairedEndSingleSampleWorkflow.SortAndFixReadGroupBam:1:1
[2017-09-18 00:54:45,13] [info] WorkflowExecutionActor-6f42aad5-5d9d-4673-a333-7837ae9e42ce [[38;5;2m6f42aad5[0m]: Starting calls: PairedEndSingleSampleWorkflow.MarkDuplicates:NA:1
[2017-09-18 00:58:29,37] [info] DispatchedConfigAsyncJobExecutionActor [[38;5;2m6f42aad5[0mPairedEndSingleSampleWorkflow.CollectUnsortedReadgroupBamQualityMetrics:1:1]: [38;5;5mjava -Xmx5000m \
  -jar /home/projects/dp_00005/data/cromwell_test/wdl/scripts/CBS_pipelines_realdata/cromwell-executions/PairedEndSingleSampleWorkflow/6f42aad5-5d9d-4673-a333-7837ae9e42ce/call-CollectUnsortedReadgroupBamQualityMetrics/shard-1/inputs/home/projects/dp_00005/apps/src/picard/build/libs/picard-2.11.0-2-g2206c08-SNAPSHOT-all.jar \
  CollectMultipleMetrics \
  INPUT=/home/projects/dp_00005/data/cromwell_test/wdl/scripts/CBS_pipelines_realdata/cromwell-executions/PairedEndSingleSampleWorkflow/6f42aad5-5d9d-4673-a333-7837ae9e42ce/call-CollectUnsortedReadgroupBamQualityMetrics/shard-1/inputs/home/projects/dp_00005/data/cromwell_test/wdl/scripts/CBS_pipelines_realdata/cromwell-executions/PairedEndSingleSampleWorkflow/6f42aad5-5d9d-4673-a333-7837ae9e42ce/call-MergeBamAlignment/shard-1/execution/NA12878.full.2.unaligned.aligned.unsorted.bam \
  OUTPUT=NA12878.full.2.unaligned.readgroup \
  ASSUME_SORTED=true \
  PROGRAM="null" \
  PROGRAM="CollectBaseDistributionByCycle" \
  PROGRAM="CollectInsertSizeMetrics" \
  PROGRAM="MeanQualityByCycle" \
  PROGRAM="QualityScoreDistribution" \
  METRIC_ACCUMULATION_LEVEL="null" \
  METRIC_ACCUMULATION_LEVEL="ALL_READS"
touch NA12878.full.2.unaligned.readgroup.insert_size_metrics
touch NA12878.full.2.unaligned.readgroup.insert_size_histogram.pdf[0m
[2017-09-18 00:58:29,38] [info] DispatchedConfigAsyncJobExecutionActor [[38;5;2m6f42aad5[0mPairedEndSingleSampleWorkflow.CollectUnsortedReadgroupBamQualityMetrics:1:1]: executing: qsub \
-V \
-N cromwell_6f42aad5_CollectUnsortedReadgroupBamQualityMetrics \
-d /home/projects/dp_00005/data/cromwell_test/wdl/scripts/CBS_pipelines_realdata/cromwell-executions/PairedEndSingleSampleWorkflow/6f42aad5-5d9d-4673-a333-7837ae9e42ce/call-CollectUnsortedReadgroupBamQualityMetrics/shard-1 \
-o /home/projects/dp_00005/data/cromwell_test/wdl/scripts/CBS_pipelines_realdata/cromwell-executions/PairedEndSingleSampleWorkflow/6f42aad5-5d9d-4673-a333-7837ae9e42ce/call-CollectUnsortedReadgroupBamQualityMetrics/shard-1/execution/stdout \
-e /home/projects/dp_00005/data/cromwell_test/wdl/scripts/CBS_pipelines_realdata/cromwell-executions/PairedEndSingleSampleWorkflow/6f42aad5-5d9d-4673-a333-7837ae9e42ce/call-CollectUnsortedReadgroupBamQualityMetrics/shard-1/execution/stderr \
-W group_list=dp_00005 -A dp_00005 -l nodes=1:ppn=1,walltime=100:00:00 \
/home/projects/dp_00005/data/cromwell_test/wdl/scripts/CBS_pipelines_realdata/cromwell-executions/PairedEndSingleSampleWorkflow/6f42aad5-5d9d-4673-a333-7837ae9e42ce/call-CollectUnsortedReadgroupBamQualityMetrics/shard-1/execution/script
[2017-09-18 00:58:30,58] [info] DispatchedConfigAsyncJobExecutionActor [[38;5;2m6f42aad5[0mPairedEndSingleSampleWorkflow.CollectUnsortedReadgroupBamQualityMetrics:1:1]: job id: 18368488.risoe-r04-sn064.cm.cluster
[2017-09-18 00:58:30,58] [info] DispatchedConfigAsyncJobExecutionActor [[38;5;2m6f42aad5[0mPairedEndSingleSampleWorkflow.CollectUnsortedReadgroupBamQualityMetrics:1:1]: Status change from - to WaitingForReturnCodeFile
[2017-09-18 00:58:45,71] [info] DispatchedConfigAsyncJobExecutionActor [[38;5;2m6f42aad5[0mPairedEndSingleSampleWorkflow.SortAndFixReadGroupBam:1:1]: [38;5;5mset -o pipefail
java -Xmx4000m \
  -jar /home/projects/dp_00005/data/cromwell_test/wdl/scripts/CBS_pipelines_realdata/cromwell-executions/PairedEndSingleSampleWorkflow/6f42aad5-5d9d-4673-a333-7837ae9e42ce/call-SortAndFixReadGroupBam/shard-1/inputs/home/projects/dp_00005/apps/src/picard/build/libs/picard-2.11.0-2-g2206c08-SNAPSHOT-all.jar \
  SortSam \
  INPUT=/home/projects/dp_00005/data/cromwell_test/wdl/scripts/CBS_pipelines_realdata/cromwell-executions/PairedEndSingleSampleWorkflow/6f42aad5-5d9d-4673-a333-7837ae9e42ce/call-SortAndFixReadGroupBam/shard-1/inputs/home/projects/dp_00005/data/cromwell_test/wdl/scripts/CBS_pipelines_realdata/cromwell-executions/PairedEndSingleSampleWorkflow/6f42aad5-5d9d-4673-a333-7837ae9e42ce/call-MergeBamAlignment/shard-1/execution/NA12878.full.2.unaligned.aligned.unsorted.bam \
  OUTPUT=/dev/stdout \
  SORT_ORDER="coordinate" \
  CREATE_INDEX=false \
  CREATE_MD5_FILE=false | \
java -Xmx500m \
  -jar /home/projects/dp_00005/data/cromwell_test/wdl/scripts/CBS_pipelines_realdata/cromwell-executions/PairedEndSingleSampleWorkflow/6f42aad5-5d9d-4673-a333-7837ae9e42ce/call-SortAndFixReadGroupBam/shard-1/inputs/home/projects/dp_00005/apps/src/picard/build/libs/picard-2.11.0-2-g2206c08-SNAPSHOT-all.jar \
  SetNmAndUqTags \
  INPUT=/dev/stdin \
  OUTPUT=NA12878.full.2.unaligned.sorted.bam \
  CREATE_INDEX=true \
  CREATE_MD5_FILE=true \
  REFERENCE_SEQUENCE=/home/projects/dp_00005/data/cromwell_test/wdl/scripts/CBS_pipelines_realdata/cromwell-executions/PairedEndSingleSampleWorkflow/6f42aad5-5d9d-4673-a333-7837ae9e42ce/call-SortAndFixReadGroupBam/shard-1/inputs/home/projects/dp_00005/data/cromwell_test/genomics-public-data/resources/broad/hg38/v0/Homo_sapiens_assembly38.fasta[0m
[2017-09-18 00:58:45,72] [info] DispatchedConfigAsyncJobExecutionActor [[38;5;2m6f42aad5[0mPairedEndSingleSampleWorkflow.SortAndFixReadGroupBam:1:1]: executing: qsub \
-V \
-N cromwell_6f42aad5_SortAndFixReadGroupBam \
-d /home/projects/dp_00005/data/cromwell_test/wdl/scripts/CBS_pipelines_realdata/cromwell-executions/PairedEndSingleSampleWorkflow/6f42aad5-5d9d-4673-a333-7837ae9e42ce/call-SortAndFixReadGroupBam/shard-1 \
-o /home/projects/dp_00005/data/cromwell_test/wdl/scripts/CBS_pipelines_realdata/cromwell-executions/PairedEndSingleSampleWorkflow/6f42aad5-5d9d-4673-a333-7837ae9e42ce/call-SortAndFixReadGroupBam/shard-1/execution/stdout \
-e /home/projects/dp_00005/data/cromwell_test/wdl/scripts/CBS_pipelines_realdata/cromwell-executions/PairedEndSingleSampleWorkflow/6f42aad5-5d9d-4673-a333-7837ae9e42ce/call-SortAndFixReadGroupBam/shard-1/execution/stderr \
-W group_list=dp_00005 -A dp_00005 -l nodes=1:ppn=1,walltime=100:00:00 \
/home/projects/dp_00005/data/cromwell_test/wdl/scripts/CBS_pipelines_realdata/cromwell-executions/PairedEndSingleSampleWorkflow/6f42aad5-5d9d-4673-a333-7837ae9e42ce/call-SortAndFixReadGroupBam/shard-1/execution/script
[2017-09-18 00:58:46,84] [info] DispatchedConfigAsyncJobExecutionActor [[38;5;2m6f42aad5[0mPairedEndSingleSampleWorkflow.SortAndFixReadGroupBam:1:1]: job id: 18368489.risoe-r04-sn064.cm.cluster
[2017-09-18 00:58:46,84] [info] DispatchedConfigAsyncJobExecutionActor [[38;5;2m6f42aad5[0mPairedEndSingleSampleWorkflow.SortAndFixReadGroupBam:1:1]: Status change from - to WaitingForReturnCodeFile
[2017-09-18 01:02:28,97] [info] DispatchedConfigAsyncJobExecutionActor [[38;5;2m6f42aad5[0mPairedEndSingleSampleWorkflow.MarkDuplicates:NA:1]: [38;5;5mjava -Xmx4000m \
  -jar /home/projects/dp_00005/data/cromwell_test/wdl/scripts/CBS_pipelines_realdata/cromwell-executions/PairedEndSingleSampleWorkflow/6f42aad5-5d9d-4673-a333-7837ae9e42ce/call-MarkDuplicates/inputs/home/projects/dp_00005/apps/src/picard/build/libs/picard-2.11.0-2-g2206c08-SNAPSHOT-all.jar \
  MarkDuplicates \
  INPUT=/home/projects/dp_00005/data/cromwell_test/wdl/scripts/CBS_pipelines_realdata/cromwell-executions/PairedEndSingleSampleWorkflow/6f42aad5-5d9d-4673-a333-7837ae9e42ce/call-MarkDuplicates/inputs/home/projects/dp_00005/data/cromwell_test/wdl/scripts/CBS_pipelines_realdata/cromwell-executions/PairedEndSingleSampleWorkflow/6f42aad5-5d9d-4673-a333-7837ae9e42ce/call-MergeBamAlignment/shard-0/execution/NA12878.full.1.unaligned.aligned.unsorted.bam INPUT=/home/projects/dp_00005/data/cromwell_test/wdl/scripts/CBS_pipelines_realdata/cromwell-executions/PairedEndSingleSampleWorkflow/6f42aad5-5d9d-4673-a333-7837ae9e42ce/call-MarkDuplicates/inputs/home/projects/dp_00005/data/cromwell_test/wdl/scripts/CBS_pipelines_realdata/cromwell-executions/PairedEndSingleSampleWorkflow/6f42aad5-5d9d-4673-a333-7837ae9e42ce/call-MergeBamAlignment/shard-1/execution/NA12878.full.2.unaligned.aligned.unsorted.bam \
  OUTPUT=NA12878_20k.aligned.unsorted.duplicates_marked.bam \
  METRICS_FILE=NA12878_20k.duplicate_metrics \
  VALIDATION_STRINGENCY=SILENT \
  OPTICAL_DUPLICATE_PIXEL_DISTANCE=2500 \
  ASSUME_SORT_ORDER="queryname"
  CREATE_MD5_FILE=true[0m
[2017-09-18 01:02:28,98] [info] DispatchedConfigAsyncJobExecutionActor [[38;5;2m6f42aad5[0mPairedEndSingleSampleWorkflow.MarkDuplicates:NA:1]: executing: qsub \
-V \
-N cromwell_6f42aad5_MarkDuplicates \
-d /home/projects/dp_00005/data/cromwell_test/wdl/scripts/CBS_pipelines_realdata/cromwell-executions/PairedEndSingleSampleWorkflow/6f42aad5-5d9d-4673-a333-7837ae9e42ce/call-MarkDuplicates \
-o /home/projects/dp_00005/data/cromwell_test/wdl/scripts/CBS_pipelines_realdata/cromwell-executions/PairedEndSingleSampleWorkflow/6f42aad5-5d9d-4673-a333-7837ae9e42ce/call-MarkDuplicates/execution/stdout \
-e /home/projects/dp_00005/data/cromwell_test/wdl/scripts/CBS_pipelines_realdata/cromwell-executions/PairedEndSingleSampleWorkflow/6f42aad5-5d9d-4673-a333-7837ae9e42ce/call-MarkDuplicates/execution/stderr \
-W group_list=dp_00005 -A dp_00005 -l nodes=1:ppn=1,walltime=100:00:00 \
/home/projects/dp_00005/data/cromwell_test/wdl/scripts/CBS_pipelines_realdata/cromwell-executions/PairedEndSingleSampleWorkflow/6f42aad5-5d9d-4673-a333-7837ae9e42ce/call-MarkDuplicates/execution/script
[2017-09-18 01:02:30,20] [info] DispatchedConfigAsyncJobExecutionActor [[38;5;2m6f42aad5[0mPairedEndSingleSampleWorkflow.MarkDuplicates:NA:1]: job id: 18368490.risoe-r04-sn064.cm.cluster
[2017-09-18 01:02:30,20] [info] DispatchedConfigAsyncJobExecutionActor [[38;5;2m6f42aad5[0mPairedEndSingleSampleWorkflow.MarkDuplicates:NA:1]: Status change from - to WaitingForReturnCodeFile
[2017-09-18 01:18:10,67] [info] DispatchedConfigAsyncJobExecutionActor [[38;5;2m6f42aad5[0mPairedEndSingleSampleWorkflow.CollectUnsortedReadgroupBamQualityMetrics:0:1]: Status change from WaitingForReturnCodeFile to Done
[2017-09-18 01:32:59,44] [info] DispatchedConfigAsyncJobExecutionActor [[38;5;2m6f42aad5[0mPairedEndSingleSampleWorkflow.CollectUnsortedReadgroupBamQualityMetrics:1:1]: Status change from WaitingForReturnCodeFile to Done
[2017-09-18 01:33:02,17] [info] WorkflowExecutionActor-6f42aad5-5d9d-4673-a333-7837ae9e42ce [[38;5;2m6f42aad5[0m]: Starting calls: Collector-CollectUnsortedReadgroupBamQualityMetrics
[2017-09-18 04:56:20,54] [info] DispatchedConfigAsyncJobExecutionActor [[38;5;2m6f42aad5[0mPairedEndSingleSampleWorkflow.SortAndFixReadGroupBam:0:1]: Status change from WaitingForReturnCodeFile to Done
[2017-09-18 04:56:23,41] [info] WorkflowExecutionActor-6f42aad5-5d9d-4673-a333-7837ae9e42ce [[38;5;2m6f42aad5[0m]: Starting calls: PairedEndSingleSampleWorkflow.ValidateReadGroupSamFile:0:1
[2017-09-18 04:59:52,63] [info] DispatchedConfigAsyncJobExecutionActor [[38;5;2m6f42aad5[0mPairedEndSingleSampleWorkflow.ValidateReadGroupSamFile:0:1]: [38;5;5mjava -Xmx4000m \
  -jar /home/projects/dp_00005/data/cromwell_test/wdl/scripts/CBS_pipelines_realdata/cromwell-executions/PairedEndSingleSampleWorkflow/6f42aad5-5d9d-4673-a333-7837ae9e42ce/call-ValidateReadGroupSamFile/shard-0/inputs/home/projects/dp_00005/apps/src/picard/build/libs/picard-2.11.0-2-g2206c08-SNAPSHOT-all.jar \
  ValidateSamFile \
  INPUT=/home/projects/dp_00005/data/cromwell_test/wdl/scripts/CBS_pipelines_realdata/cromwell-executions/PairedEndSingleSampleWorkflow/6f42aad5-5d9d-4673-a333-7837ae9e42ce/call-ValidateReadGroupSamFile/shard-0/inputs/home/projects/dp_00005/data/cromwell_test/wdl/scripts/CBS_pipelines_realdata/cromwell-executions/PairedEndSingleSampleWorkflow/6f42aad5-5d9d-4673-a333-7837ae9e42ce/call-SortAndFixReadGroupBam/shard-0/execution/NA12878.full.1.unaligned.sorted.bam \
  OUTPUT=NA12878.full.1.unaligned.validation_report \
  REFERENCE_SEQUENCE=/home/projects/dp_00005/data/cromwell_test/wdl/scripts/CBS_pipelines_realdata/cromwell-executions/PairedEndSingleSampleWorkflow/6f42aad5-5d9d-4673-a333-7837ae9e42ce/call-ValidateReadGroupSamFile/shard-0/inputs/home/projects/dp_00005/data/cromwell_test/genomics-public-data/resources/broad/hg38/v0/Homo_sapiens_assembly38.fasta \
  MAX_OUTPUT=1000000000 \
  IGNORE=null \
  MODE=VERBOSE \
  IS_BISULFITE_SEQUENCED=false[0m
[2017-09-18 04:59:52,64] [info] DispatchedConfigAsyncJobExecutionActor [[38;5;2m6f42aad5[0mPairedEndSingleSampleWorkflow.ValidateReadGroupSamFile:0:1]: executing: qsub \
-V \
-N cromwell_6f42aad5_ValidateReadGroupSamFile \
-d /home/projects/dp_00005/data/cromwell_test/wdl/scripts/CBS_pipelines_realdata/cromwell-executions/PairedEndSingleSampleWorkflow/6f42aad5-5d9d-4673-a333-7837ae9e42ce/call-ValidateReadGroupSamFile/shard-0 \
-o /home/projects/dp_00005/data/cromwell_test/wdl/scripts/CBS_pipelines_realdata/cromwell-executions/PairedEndSingleSampleWorkflow/6f42aad5-5d9d-4673-a333-7837ae9e42ce/call-ValidateReadGroupSamFile/shard-0/execution/stdout \
-e /home/projects/dp_00005/data/cromwell_test/wdl/scripts/CBS_pipelines_realdata/cromwell-executions/PairedEndSingleSampleWorkflow/6f42aad5-5d9d-4673-a333-7837ae9e42ce/call-ValidateReadGroupSamFile/shard-0/execution/stderr \
-W group_list=dp_00005 -A dp_00005 -l nodes=1:ppn=1,walltime=100:00:00 \
/home/projects/dp_00005/data/cromwell_test/wdl/scripts/CBS_pipelines_realdata/cromwell-executions/PairedEndSingleSampleWorkflow/6f42aad5-5d9d-4673-a333-7837ae9e42ce/call-ValidateReadGroupSamFile/shard-0/execution/script
[2017-09-18 04:59:53,89] [info] DispatchedConfigAsyncJobExecutionActor [[38;5;2m6f42aad5[0mPairedEndSingleSampleWorkflow.ValidateReadGroupSamFile:0:1]: job id: 18368544.risoe-r04-sn064.cm.cluster
[2017-09-18 04:59:53,90] [info] DispatchedConfigAsyncJobExecutionActor [[38;5;2m6f42aad5[0mPairedEndSingleSampleWorkflow.ValidateReadGroupSamFile:0:1]: Status change from - to WaitingForReturnCodeFile
[2017-09-18 05:21:55,83] [info] DispatchedConfigAsyncJobExecutionActor [[38;5;2m6f42aad5[0mPairedEndSingleSampleWorkflow.SortAndFixReadGroupBam:1:1]: Status change from WaitingForReturnCodeFile to Done
[2017-09-18 05:21:56,47] [info] WorkflowExecutionActor-6f42aad5-5d9d-4673-a333-7837ae9e42ce [[38;5;2m6f42aad5[0m]: Starting calls: Collector-SortAndFixReadGroupBam, PairedEndSingleSampleWorkflow.ValidateReadGroupSamFile:1:1
[2017-09-18 05:25:26,45] [info] DispatchedConfigAsyncJobExecutionActor [[38;5;2m6f42aad5[0mPairedEndSingleSampleWorkflow.ValidateReadGroupSamFile:1:1]: [38;5;5mjava -Xmx4000m \
  -jar /home/projects/dp_00005/data/cromwell_test/wdl/scripts/CBS_pipelines_realdata/cromwell-executions/PairedEndSingleSampleWorkflow/6f42aad5-5d9d-4673-a333-7837ae9e42ce/call-ValidateReadGroupSamFile/shard-1/inputs/home/projects/dp_00005/apps/src/picard/build/libs/picard-2.11.0-2-g2206c08-SNAPSHOT-all.jar \
  ValidateSamFile \
  INPUT=/home/projects/dp_00005/data/cromwell_test/wdl/scripts/CBS_pipelines_realdata/cromwell-executions/PairedEndSingleSampleWorkflow/6f42aad5-5d9d-4673-a333-7837ae9e42ce/call-ValidateReadGroupSamFile/shard-1/inputs/home/projects/dp_00005/data/cromwell_test/wdl/scripts/CBS_pipelines_realdata/cromwell-executions/PairedEndSingleSampleWorkflow/6f42aad5-5d9d-4673-a333-7837ae9e42ce/call-SortAndFixReadGroupBam/shard-1/execution/NA12878.full.2.unaligned.sorted.bam \
  OUTPUT=NA12878.full.2.unaligned.validation_report \
  REFERENCE_SEQUENCE=/home/projects/dp_00005/data/cromwell_test/wdl/scripts/CBS_pipelines_realdata/cromwell-executions/PairedEndSingleSampleWorkflow/6f42aad5-5d9d-4673-a333-7837ae9e42ce/call-ValidateReadGroupSamFile/shard-1/inputs/home/projects/dp_00005/data/cromwell_test/genomics-public-data/resources/broad/hg38/v0/Homo_sapiens_assembly38.fasta \
  MAX_OUTPUT=1000000000 \
  IGNORE=null \
  MODE=VERBOSE \
  IS_BISULFITE_SEQUENCED=false[0m
[2017-09-18 05:25:26,46] [info] DispatchedConfigAsyncJobExecutionActor [[38;5;2m6f42aad5[0mPairedEndSingleSampleWorkflow.ValidateReadGroupSamFile:1:1]: executing: qsub \
-V \
-N cromwell_6f42aad5_ValidateReadGroupSamFile \
-d /home/projects/dp_00005/data/cromwell_test/wdl/scripts/CBS_pipelines_realdata/cromwell-executions/PairedEndSingleSampleWorkflow/6f42aad5-5d9d-4673-a333-7837ae9e42ce/call-ValidateReadGroupSamFile/shard-1 \
-o /home/projects/dp_00005/data/cromwell_test/wdl/scripts/CBS_pipelines_realdata/cromwell-executions/PairedEndSingleSampleWorkflow/6f42aad5-5d9d-4673-a333-7837ae9e42ce/call-ValidateReadGroupSamFile/shard-1/execution/stdout \
-e /home/projects/dp_00005/data/cromwell_test/wdl/scripts/CBS_pipelines_realdata/cromwell-executions/PairedEndSingleSampleWorkflow/6f42aad5-5d9d-4673-a333-7837ae9e42ce/call-ValidateReadGroupSamFile/shard-1/execution/stderr \
-W group_list=dp_00005 -A dp_00005 -l nodes=1:ppn=1,walltime=100:00:00 \
/home/projects/dp_00005/data/cromwell_test/wdl/scripts/CBS_pipelines_realdata/cromwell-executions/PairedEndSingleSampleWorkflow/6f42aad5-5d9d-4673-a333-7837ae9e42ce/call-ValidateReadGroupSamFile/shard-1/execution/script
[2017-09-18 05:25:27,67] [info] DispatchedConfigAsyncJobExecutionActor [[38;5;2m6f42aad5[0mPairedEndSingleSampleWorkflow.ValidateReadGroupSamFile:1:1]: job id: 18368546.risoe-r04-sn064.cm.cluster
[2017-09-18 05:25:27,67] [info] DispatchedConfigAsyncJobExecutionActor [[38;5;2m6f42aad5[0mPairedEndSingleSampleWorkflow.ValidateReadGroupSamFile:1:1]: Status change from - to WaitingForReturnCodeFile
[2017-09-18 05:42:33,86] [info] DispatchedConfigAsyncJobExecutionActor [[38;5;2m6f42aad5[0mPairedEndSingleSampleWorkflow.ValidateReadGroupSamFile:0:1]: Status change from WaitingForReturnCodeFile to Done
[2017-09-18 06:16:09,53] [info] DispatchedConfigAsyncJobExecutionActor [[38;5;2m6f42aad5[0mPairedEndSingleSampleWorkflow.ValidateReadGroupSamFile:1:1]: Status change from WaitingForReturnCodeFile to Done
[2017-09-18 06:16:11,29] [info] WorkflowExecutionActor-6f42aad5-5d9d-4673-a333-7837ae9e42ce [[38;5;2m6f42aad5[0m]: Starting calls: Collector-ValidateReadGroupSamFile
[2017-09-18 14:00:29,71] [info] DispatchedConfigAsyncJobExecutionActor [[38;5;2m6f42aad5[0mPairedEndSingleSampleWorkflow.MarkDuplicates:NA:1]: Status change from WaitingForReturnCodeFile to Done
[2017-09-18 14:00:32,19] [info] WorkflowExecutionActor-6f42aad5-5d9d-4673-a333-7837ae9e42ce [[38;5;2m6f42aad5[0m]: Starting calls: PairedEndSingleSampleWorkflow.SortAndFixSampleBam:NA:1
[2017-09-18 14:08:54,67] [info] DispatchedConfigAsyncJobExecutionActor [[38;5;2m6f42aad5[0mPairedEndSingleSampleWorkflow.SortAndFixSampleBam:NA:1]: [38;5;5mset -o pipefail
java -Xmx4000m \
  -jar /home/projects/dp_00005/data/cromwell_test/wdl/scripts/CBS_pipelines_realdata/cromwell-executions/PairedEndSingleSampleWorkflow/6f42aad5-5d9d-4673-a333-7837ae9e42ce/call-SortAndFixSampleBam/inputs/home/projects/dp_00005/apps/src/picard/build/libs/picard-2.11.0-2-g2206c08-SNAPSHOT-all.jar \
  SortSam \
  INPUT=/home/projects/dp_00005/data/cromwell_test/wdl/scripts/CBS_pipelines_realdata/cromwell-executions/PairedEndSingleSampleWorkflow/6f42aad5-5d9d-4673-a333-7837ae9e42ce/call-SortAndFixSampleBam/inputs/home/projects/dp_00005/data/cromwell_test/wdl/scripts/CBS_pipelines_realdata/cromwell-executions/PairedEndSingleSampleWorkflow/6f42aad5-5d9d-4673-a333-7837ae9e42ce/call-MarkDuplicates/execution/NA12878_20k.aligned.unsorted.duplicates_marked.bam \
  OUTPUT=/dev/stdout \
  SORT_ORDER="coordinate" \
  CREATE_INDEX=false \
  CREATE_MD5_FILE=false | \
java -Xmx500m \
  -jar /home/projects/dp_00005/data/cromwell_test/wdl/scripts/CBS_pipelines_realdata/cromwell-executions/PairedEndSingleSampleWorkflow/6f42aad5-5d9d-4673-a333-7837ae9e42ce/call-SortAndFixSampleBam/inputs/home/projects/dp_00005/apps/src/picard/build/libs/picard-2.11.0-2-g2206c08-SNAPSHOT-all.jar \
  SetNmAndUqTags \
  INPUT=/dev/stdin \
  OUTPUT=NA12878_20k.aligned.duplicate_marked.sorted.bam \
  CREATE_INDEX=true \
  CREATE_MD5_FILE=true \
  REFERENCE_SEQUENCE=/home/projects/dp_00005/data/cromwell_test/wdl/scripts/CBS_pipelines_realdata/cromwell-executions/PairedEndSingleSampleWorkflow/6f42aad5-5d9d-4673-a333-7837ae9e42ce/call-SortAndFixSampleBam/inputs/home/projects/dp_00005/data/cromwell_test/genomics-public-data/resources/broad/hg38/v0/Homo_sapiens_assembly38.fasta[0m
[2017-09-18 14:08:54,68] [info] DispatchedConfigAsyncJobExecutionActor [[38;5;2m6f42aad5[0mPairedEndSingleSampleWorkflow.SortAndFixSampleBam:NA:1]: executing: qsub \
-V \
-N cromwell_6f42aad5_SortAndFixSampleBam \
-d /home/projects/dp_00005/data/cromwell_test/wdl/scripts/CBS_pipelines_realdata/cromwell-executions/PairedEndSingleSampleWorkflow/6f42aad5-5d9d-4673-a333-7837ae9e42ce/call-SortAndFixSampleBam \
-o /home/projects/dp_00005/data/cromwell_test/wdl/scripts/CBS_pipelines_realdata/cromwell-executions/PairedEndSingleSampleWorkflow/6f42aad5-5d9d-4673-a333-7837ae9e42ce/call-SortAndFixSampleBam/execution/stdout \
-e /home/projects/dp_00005/data/cromwell_test/wdl/scripts/CBS_pipelines_realdata/cromwell-executions/PairedEndSingleSampleWorkflow/6f42aad5-5d9d-4673-a333-7837ae9e42ce/call-SortAndFixSampleBam/execution/stderr \
-W group_list=dp_00005 -A dp_00005 -l nodes=1:ppn=1,walltime=100:00:00 \
/home/projects/dp_00005/data/cromwell_test/wdl/scripts/CBS_pipelines_realdata/cromwell-executions/PairedEndSingleSampleWorkflow/6f42aad5-5d9d-4673-a333-7837ae9e42ce/call-SortAndFixSampleBam/execution/script
[2017-09-18 14:08:55,81] [info] DispatchedConfigAsyncJobExecutionActor [[38;5;2m6f42aad5[0mPairedEndSingleSampleWorkflow.SortAndFixSampleBam:NA:1]: job id: 18368957.risoe-r04-sn064.cm.cluster
[2017-09-18 14:08:55,81] [info] DispatchedConfigAsyncJobExecutionActor [[38;5;2m6f42aad5[0mPairedEndSingleSampleWorkflow.SortAndFixSampleBam:NA:1]: Status change from - to WaitingForReturnCodeFile
[2017-09-18 14:58:32,09] [[38;5;1merror[0m] Failed to summarize metadata
java.sql.SQLTransientConnectionException: db - Connection is not available, request timed out after 5009ms.
	at com.zaxxer.hikari.pool.HikariPool.createTimeoutException(HikariPool.java:548)
	at com.zaxxer.hikari.pool.HikariPool.getConnection(HikariPool.java:186)
	at com.zaxxer.hikari.pool.HikariPool.getConnection(HikariPool.java:145)
	at com.zaxxer.hikari.HikariDataSource.getConnection(HikariDataSource.java:83)
	at slick.jdbc.hikaricp.HikariCPJdbcDataSource.createConnection(HikariCPJdbcDataSource.scala:18)
	at slick.jdbc.JdbcBackend$BaseSession.<init>(JdbcBackend.scala:439)
	at slick.jdbc.JdbcBackend$DatabaseDef.createSession(JdbcBackend.scala:47)
	at slick.jdbc.JdbcBackend$DatabaseDef.createSession(JdbcBackend.scala:38)
	at slick.basic.BasicBackend$DatabaseDef.acquireSession(BasicBackend.scala:218)
	at slick.basic.BasicBackend$DatabaseDef.acquireSession$(BasicBackend.scala:217)
	at slick.jdbc.JdbcBackend$DatabaseDef.acquireSession(JdbcBackend.scala:38)
	at slick.basic.BasicBackend$DatabaseDef$$anon$2.run(BasicBackend.scala:239)
	at java.util.concurrent.ThreadPoolExecutor.runWorker(ThreadPoolExecutor.java:1142)
	at java.util.concurrent.ThreadPoolExecutor$Worker.run(ThreadPoolExecutor.java:617)
	at java.lang.Thread.run(Thread.java:748)
[2017-09-18 14:58:32,17] [[38;5;220mwarn[0m] Couldn't find a suitable DSN, defaulting to a Noop one.
[2017-09-18 14:58:32,18] [info] Using noop to send events.
[2017-09-18 14:58:32,21] [[38;5;1merror[0m] Error summarizing metadata
java.sql.SQLTransientConnectionException: db - Connection is not available, request timed out after 5009ms.
	at com.zaxxer.hikari.pool.HikariPool.createTimeoutException(HikariPool.java:548)
	at com.zaxxer.hikari.pool.HikariPool.getConnection(HikariPool.java:186)
	at com.zaxxer.hikari.pool.HikariPool.getConnection(HikariPool.java:145)
	at com.zaxxer.hikari.HikariDataSource.getConnection(HikariDataSource.java:83)
	at slick.jdbc.hikaricp.HikariCPJdbcDataSource.createConnection(HikariCPJdbcDataSource.scala:18)
	at slick.jdbc.JdbcBackend$BaseSession.<init>(JdbcBackend.scala:439)
	at slick.jdbc.JdbcBackend$DatabaseDef.createSession(JdbcBackend.scala:47)
	at slick.jdbc.JdbcBackend$DatabaseDef.createSession(JdbcBackend.scala:38)
	at slick.basic.BasicBackend$DatabaseDef.acquireSession(BasicBackend.scala:218)
	at slick.basic.BasicBackend$DatabaseDef.acquireSession$(BasicBackend.scala:217)
	at slick.jdbc.JdbcBackend$DatabaseDef.acquireSession(JdbcBackend.scala:38)
	at slick.basic.BasicBackend$DatabaseDef$$anon$2.run(BasicBackend.scala:239)
	at java.util.concurrent.ThreadPoolExecutor.runWorker(ThreadPoolExecutor.java:1142)
	at java.util.concurrent.ThreadPoolExecutor$Worker.run(ThreadPoolExecutor.java:617)
	at java.lang.Thread.run(Thread.java:748)
[2017-09-18 14:58:35,69] [[38;5;1merror[0m] SingleWorkflowRunnerActor received Failure message: db - Connection is not available, request timed out after 5009ms.
java.sql.SQLTransientConnectionException: db - Connection is not available, request timed out after 5009ms.
	at com.zaxxer.hikari.pool.HikariPool.createTimeoutException(HikariPool.java:548)
	at com.zaxxer.hikari.pool.HikariPool.getConnection(HikariPool.java:186)
	at com.zaxxer.hikari.pool.HikariPool.getConnection(HikariPool.java:145)
	at com.zaxxer.hikari.HikariDataSource.getConnection(HikariDataSource.java:83)
	at slick.jdbc.hikaricp.HikariCPJdbcDataSource.createConnection(HikariCPJdbcDataSource.scala:18)
	at slick.jdbc.JdbcBackend$BaseSession.<init>(JdbcBackend.scala:439)
	at slick.jdbc.JdbcBackend$DatabaseDef.createSession(JdbcBackend.scala:47)
	at slick.jdbc.JdbcBackend$DatabaseDef.createSession(JdbcBackend.scala:38)
	at slick.basic.BasicBackend$DatabaseDef.acquireSession(BasicBackend.scala:218)
	at slick.basic.BasicBackend$DatabaseDef.acquireSession$(BasicBackend.scala:217)
	at slick.jdbc.JdbcBackend$DatabaseDef.acquireSession(JdbcBackend.scala:38)
	at slick.basic.BasicBackend$DatabaseDef$$anon$2.run(BasicBackend.scala:239)
	at java.util.concurrent.ThreadPoolExecutor.runWorker(ThreadPoolExecutor.java:1142)
	at java.util.concurrent.ThreadPoolExecutor$Worker.run(ThreadPoolExecutor.java:617)
	at java.lang.Thread.run(Thread.java:748)
[2017-09-18 14:58:35,70] [info] Message [cromwell.core.actor.StreamActorHelper$StreamFailed] without sender to Actor[akka://cromwell-system/deadLetters] was not delivered. [1] dead letters encountered. This logging can be turned off or adjusted with configuration settings 'akka.log-dead-letters' and 'akka.log-dead-letters-during-shutdown'.
[2017-09-18 14:58:35,71] [info] Message [cromwell.core.actor.StreamActorHelper$StreamFailed] without sender to Actor[akka://cromwell-system/deadLetters] was not delivered. [2] dead letters encountered. This logging can be turned off or adjusted with configuration settings 'akka.log-dead-letters' and 'akka.log-dead-letters-during-shutdown'.
db - Connection is not available, request timed out after 5009ms.
[2017-09-18 14:58:35,74] [info] Automatic shutdown of the async connection
[2017-09-18 14:58:35,74] [info] Gracefully shutdown sentry threads.
[2017-09-18 14:58:35,74] [info] Shutdown finished.
